[2021-06-20 09:50:37.686] [renderer1] [error] XHR failed: Error: XHR failed
    at XMLHttpRequest.w.onerror (file:///usr/share/code/resources/app/out/vs/workbench/workbench.desktop.main.js:76:24378)
[2021-06-20 10:14:05.754] [renderer1] [error] <semantic> TypeScript Server Error (4.2.4)
Debug Failure. False expression.
Error: Debug Failure. False expression.
    at /usr/share/code/resources/app/extensions/node_modules/typescript/lib/tsserver.js:121965:30
    at Object.arrayFrom (/usr/share/code/resources/app/extensions/node_modules/typescript/lib/tsserver.js:1310:31)
    at getSemanticDocumentHighlights (/usr/share/code/resources/app/extensions/node_modules/typescript/lib/tsserver.js:121962:23)
    at Object.getDocumentHighlights (/usr/share/code/resources/app/extensions/node_modules/typescript/lib/tsserver.js:121946:20)
    at Proxy.getDocumentHighlights (/usr/share/code/resources/app/extensions/node_modules/typescript/lib/tsserver.js:149331:42)
    at IOSession.Session.getDocumentHighlights (/usr/share/code/resources/app/extensions/node_modules/typescript/lib/tsserver.js:159987:71)
    at Session.handlers.ts.Map.ts.getEntries._a.<computed> (/usr/share/code/resources/app/extensions/node_modules/typescript/lib/tsserver.js:159315:61)
    at /usr/share/code/resources/app/extensions/node_modules/typescript/lib/tsserver.js:160963:88
    at IOSession.Session.executeWithRequestId (/usr/share/code/resources/app/extensions/node_modules/typescript/lib/tsserver.js:160954:28)
    at IOSession.Session.executeCommand (/usr/share/code/resources/app/extensions/node_modules/typescript/lib/tsserver.js:160963:33)
    at IOSession.Session.onMessage (/usr/share/code/resources/app/extensions/node_modules/typescript/lib/tsserver.js:160989:35)
    at Interface.<anonymous> (/usr/share/code/resources/app/extensions/node_modules/typescript/lib/tsserver.js:163650:31)
    at Interface.emit (events.js:315:20)
    at Interface._onLine (readline.js:337:10)
    at Interface._normalWrite (readline.js:482:12)
    at Socket.ondata (readline.js:194:10)
    at Socket.emit (events.js:315:20)
    at addChunk (internal/streams/readable.js:309:12)
    at readableAddChunk (internal/streams/readable.js:284:9)
    at Socket.Readable.push (internal/streams/readable.js:223:10)
    at Pipe.onStreamRead (internal/stream_base_commons.js:188:23): Error: <semantic> TypeScript Server Error (4.2.4)
Debug Failure. False expression.
Error: Debug Failure. False expression.
    at /usr/share/code/resources/app/extensions/node_modules/typescript/lib/tsserver.js:121965:30
    at Object.arrayFrom (/usr/share/code/resources/app/extensions/node_modules/typescript/lib/tsserver.js:1310:31)
    at getSemanticDocumentHighlights (/usr/share/code/resources/app/extensions/node_modules/typescript/lib/tsserver.js:121962:23)
    at Object.getDocumentHighlights (/usr/share/code/resources/app/extensions/node_modules/typescript/lib/tsserver.js:121946:20)
    at Proxy.getDocumentHighlights (/usr/share/code/resources/app/extensions/node_modules/typescript/lib/tsserver.js:149331:42)
    at IOSession.Session.getDocumentHighlights (/usr/share/code/resources/app/extensions/node_modules/typescript/lib/tsserver.js:159987:71)
    at Session.handlers.ts.Map.ts.getEntries._a.<computed> (/usr/share/code/resources/app/extensions/node_modules/typescript/lib/tsserver.js:159315:61)
    at /usr/share/code/resources/app/extensions/node_modules/typescript/lib/tsserver.js:160963:88
    at IOSession.Session.executeWithRequestId (/usr/share/code/resources/app/extensions/node_modules/typescript/lib/tsserver.js:160954:28)
    at IOSession.Session.executeCommand (/usr/share/code/resources/app/extensions/node_modules/typescript/lib/tsserver.js:160963:33)
    at IOSession.Session.onMessage (/usr/share/code/resources/app/extensions/node_modules/typescript/lib/tsserver.js:160989:35)
    at Interface.<anonymous> (/usr/share/code/resources/app/extensions/node_modules/typescript/lib/tsserver.js:163650:31)
    at Interface.emit (events.js:315:20)
    at Interface._onLine (readline.js:337:10)
    at Interface._normalWrite (readline.js:482:12)
    at Socket.ondata (readline.js:194:10)
    at Socket.emit (events.js:315:20)
    at addChunk (internal/streams/readable.js:309:12)
    at readableAddChunk (internal/streams/readable.js:284:9)
    at Socket.Readable.push (internal/streams/readable.js:223:10)
    at Pipe.onStreamRead (internal/stream_base_commons.js:188:23)
	at Function.create (/usr/share/code/resources/app/extensions/typescript-language-features/dist/extension.js:1:70680)
	at dispatchResponse (/usr/share/code/resources/app/extensions/typescript-language-features/dist/extension.js:1:64555)
	at dispatchMessage (/usr/share/code/resources/app/extensions/typescript-language-features/dist/extension.js:1:63414)
	at /usr/share/code/resources/app/extensions/typescript-language-features/dist/extension.js:1:62924
	at fire (/usr/share/code/resources/app/out/vs/workbench/services/extensions/node/extensionHostProcess.js:57:1836)
	at g.onLengthData (/usr/share/code/resources/app/extensions/typescript-language-features/dist/extension.js:1:433224)
	at Socket.<anonymous> (/usr/share/code/resources/app/extensions/typescript-language-features/dist/extension.js:1:432872)
	at Socket.emit (events.js:315:20)
	at addChunk (internal/streams/readable.js:309:12)
	at readableAddChunk (internal/streams/readable.js:284:9)
	at Socket.Readable.push (internal/streams/readable.js:223:10)
	at Pipe.onStreamRead (internal/stream_base_commons.js:188:23)
[2021-06-20 10:15:17.900] [renderer1] [error] <semantic> TypeScript Server Error (4.2.4)
Debug Failure. False expression.
Error: Debug Failure. False expression.
    at /usr/share/code/resources/app/extensions/node_modules/typescript/lib/tsserver.js:121965:30
    at Object.arrayFrom (/usr/share/code/resources/app/extensions/node_modules/typescript/lib/tsserver.js:1310:31)
    at getSemanticDocumentHighlights (/usr/share/code/resources/app/extensions/node_modules/typescript/lib/tsserver.js:121962:23)
    at Object.getDocumentHighlights (/usr/share/code/resources/app/extensions/node_modules/typescript/lib/tsserver.js:121946:20)
    at Proxy.getDocumentHighlights (/usr/share/code/resources/app/extensions/node_modules/typescript/lib/tsserver.js:149331:42)
    at IOSession.Session.getDocumentHighlights (/usr/share/code/resources/app/extensions/node_modules/typescript/lib/tsserver.js:159987:71)
    at Session.handlers.ts.Map.ts.getEntries._a.<computed> (/usr/share/code/resources/app/extensions/node_modules/typescript/lib/tsserver.js:159315:61)
    at /usr/share/code/resources/app/extensions/node_modules/typescript/lib/tsserver.js:160963:88
    at IOSession.Session.executeWithRequestId (/usr/share/code/resources/app/extensions/node_modules/typescript/lib/tsserver.js:160954:28)
    at IOSession.Session.executeCommand (/usr/share/code/resources/app/extensions/node_modules/typescript/lib/tsserver.js:160963:33)
    at IOSession.Session.onMessage (/usr/share/code/resources/app/extensions/node_modules/typescript/lib/tsserver.js:160989:35)
    at Interface.<anonymous> (/usr/share/code/resources/app/extensions/node_modules/typescript/lib/tsserver.js:163650:31)
    at Interface.emit (events.js:315:20)
    at Interface._onLine (readline.js:337:10)
    at Interface._normalWrite (readline.js:482:12)
    at Socket.ondata (readline.js:194:10)
    at Socket.emit (events.js:315:20)
    at addChunk (internal/streams/readable.js:309:12)
    at readableAddChunk (internal/streams/readable.js:284:9)
    at Socket.Readable.push (internal/streams/readable.js:223:10)
    at Pipe.onStreamRead (internal/stream_base_commons.js:188:23): Error: <semantic> TypeScript Server Error (4.2.4)
Debug Failure. False expression.
Error: Debug Failure. False expression.
    at /usr/share/code/resources/app/extensions/node_modules/typescript/lib/tsserver.js:121965:30
    at Object.arrayFrom (/usr/share/code/resources/app/extensions/node_modules/typescript/lib/tsserver.js:1310:31)
    at getSemanticDocumentHighlights (/usr/share/code/resources/app/extensions/node_modules/typescript/lib/tsserver.js:121962:23)
    at Object.getDocumentHighlights (/usr/share/code/resources/app/extensions/node_modules/typescript/lib/tsserver.js:121946:20)
    at Proxy.getDocumentHighlights (/usr/share/code/resources/app/extensions/node_modules/typescript/lib/tsserver.js:149331:42)
    at IOSession.Session.getDocumentHighlights (/usr/share/code/resources/app/extensions/node_modules/typescript/lib/tsserver.js:159987:71)
    at Session.handlers.ts.Map.ts.getEntries._a.<computed> (/usr/share/code/resources/app/extensions/node_modules/typescript/lib/tsserver.js:159315:61)
    at /usr/share/code/resources/app/extensions/node_modules/typescript/lib/tsserver.js:160963:88
    at IOSession.Session.executeWithRequestId (/usr/share/code/resources/app/extensions/node_modules/typescript/lib/tsserver.js:160954:28)
    at IOSession.Session.executeCommand (/usr/share/code/resources/app/extensions/node_modules/typescript/lib/tsserver.js:160963:33)
    at IOSession.Session.onMessage (/usr/share/code/resources/app/extensions/node_modules/typescript/lib/tsserver.js:160989:35)
    at Interface.<anonymous> (/usr/share/code/resources/app/extensions/node_modules/typescript/lib/tsserver.js:163650:31)
    at Interface.emit (events.js:315:20)
    at Interface._onLine (readline.js:337:10)
    at Interface._normalWrite (readline.js:482:12)
    at Socket.ondata (readline.js:194:10)
    at Socket.emit (events.js:315:20)
    at addChunk (internal/streams/readable.js:309:12)
    at readableAddChunk (internal/streams/readable.js:284:9)
    at Socket.Readable.push (internal/streams/readable.js:223:10)
    at Pipe.onStreamRead (internal/stream_base_commons.js:188:23)
	at Function.create (/usr/share/code/resources/app/extensions/typescript-language-features/dist/extension.js:1:70680)
	at dispatchResponse (/usr/share/code/resources/app/extensions/typescript-language-features/dist/extension.js:1:64555)
	at dispatchMessage (/usr/share/code/resources/app/extensions/typescript-language-features/dist/extension.js:1:63414)
	at /usr/share/code/resources/app/extensions/typescript-language-features/dist/extension.js:1:62924
	at fire (/usr/share/code/resources/app/out/vs/workbench/services/extensions/node/extensionHostProcess.js:57:1836)
	at g.onLengthData (/usr/share/code/resources/app/extensions/typescript-language-features/dist/extension.js:1:433224)
	at Socket.<anonymous> (/usr/share/code/resources/app/extensions/typescript-language-features/dist/extension.js:1:432872)
	at Socket.emit (events.js:315:20)
	at addChunk (internal/streams/readable.js:309:12)
	at readableAddChunk (internal/streams/readable.js:284:9)
	at Socket.Readable.push (internal/streams/readable.js:223:10)
	at Pipe.onStreamRead (internal/stream_base_commons.js:188:23)
[2021-06-20 10:22:08.529] [renderer1] [error] <semantic> TypeScript Server Error (4.2.4)
Debug Failure. False expression.
Error: Debug Failure. False expression.
    at /usr/share/code/resources/app/extensions/node_modules/typescript/lib/tsserver.js:121965:30
    at Object.arrayFrom (/usr/share/code/resources/app/extensions/node_modules/typescript/lib/tsserver.js:1310:31)
    at getSemanticDocumentHighlights (/usr/share/code/resources/app/extensions/node_modules/typescript/lib/tsserver.js:121962:23)
    at Object.getDocumentHighlights (/usr/share/code/resources/app/extensions/node_modules/typescript/lib/tsserver.js:121946:20)
    at Proxy.getDocumentHighlights (/usr/share/code/resources/app/extensions/node_modules/typescript/lib/tsserver.js:149331:42)
    at IOSession.Session.getDocumentHighlights (/usr/share/code/resources/app/extensions/node_modules/typescript/lib/tsserver.js:159987:71)
    at Session.handlers.ts.Map.ts.getEntries._a.<computed> (/usr/share/code/resources/app/extensions/node_modules/typescript/lib/tsserver.js:159315:61)
    at /usr/share/code/resources/app/extensions/node_modules/typescript/lib/tsserver.js:160963:88
    at IOSession.Session.executeWithRequestId (/usr/share/code/resources/app/extensions/node_modules/typescript/lib/tsserver.js:160954:28)
    at IOSession.Session.executeCommand (/usr/share/code/resources/app/extensions/node_modules/typescript/lib/tsserver.js:160963:33)
    at IOSession.Session.onMessage (/usr/share/code/resources/app/extensions/node_modules/typescript/lib/tsserver.js:160989:35)
    at Interface.<anonymous> (/usr/share/code/resources/app/extensions/node_modules/typescript/lib/tsserver.js:163650:31)
    at Interface.emit (events.js:315:20)
    at Interface._onLine (readline.js:337:10)
    at Interface._normalWrite (readline.js:482:12)
    at Socket.ondata (readline.js:194:10)
    at Socket.emit (events.js:315:20)
    at addChunk (internal/streams/readable.js:309:12)
    at readableAddChunk (internal/streams/readable.js:284:9)
    at Socket.Readable.push (internal/streams/readable.js:223:10)
    at Pipe.onStreamRead (internal/stream_base_commons.js:188:23): Error: <semantic> TypeScript Server Error (4.2.4)
Debug Failure. False expression.
Error: Debug Failure. False expression.
    at /usr/share/code/resources/app/extensions/node_modules/typescript/lib/tsserver.js:121965:30
    at Object.arrayFrom (/usr/share/code/resources/app/extensions/node_modules/typescript/lib/tsserver.js:1310:31)
    at getSemanticDocumentHighlights (/usr/share/code/resources/app/extensions/node_modules/typescript/lib/tsserver.js:121962:23)
    at Object.getDocumentHighlights (/usr/share/code/resources/app/extensions/node_modules/typescript/lib/tsserver.js:121946:20)
    at Proxy.getDocumentHighlights (/usr/share/code/resources/app/extensions/node_modules/typescript/lib/tsserver.js:149331:42)
    at IOSession.Session.getDocumentHighlights (/usr/share/code/resources/app/extensions/node_modules/typescript/lib/tsserver.js:159987:71)
    at Session.handlers.ts.Map.ts.getEntries._a.<computed> (/usr/share/code/resources/app/extensions/node_modules/typescript/lib/tsserver.js:159315:61)
    at /usr/share/code/resources/app/extensions/node_modules/typescript/lib/tsserver.js:160963:88
    at IOSession.Session.executeWithRequestId (/usr/share/code/resources/app/extensions/node_modules/typescript/lib/tsserver.js:160954:28)
    at IOSession.Session.executeCommand (/usr/share/code/resources/app/extensions/node_modules/typescript/lib/tsserver.js:160963:33)
    at IOSession.Session.onMessage (/usr/share/code/resources/app/extensions/node_modules/typescript/lib/tsserver.js:160989:35)
    at Interface.<anonymous> (/usr/share/code/resources/app/extensions/node_modules/typescript/lib/tsserver.js:163650:31)
    at Interface.emit (events.js:315:20)
    at Interface._onLine (readline.js:337:10)
    at Interface._normalWrite (readline.js:482:12)
    at Socket.ondata (readline.js:194:10)
    at Socket.emit (events.js:315:20)
    at addChunk (internal/streams/readable.js:309:12)
    at readableAddChunk (internal/streams/readable.js:284:9)
    at Socket.Readable.push (internal/streams/readable.js:223:10)
    at Pipe.onStreamRead (internal/stream_base_commons.js:188:23)
	at Function.create (/usr/share/code/resources/app/extensions/typescript-language-features/dist/extension.js:1:70680)
	at dispatchResponse (/usr/share/code/resources/app/extensions/typescript-language-features/dist/extension.js:1:64555)
	at dispatchMessage (/usr/share/code/resources/app/extensions/typescript-language-features/dist/extension.js:1:63414)
	at /usr/share/code/resources/app/extensions/typescript-language-features/dist/extension.js:1:62924
	at fire (/usr/share/code/resources/app/out/vs/workbench/services/extensions/node/extensionHostProcess.js:57:1836)
	at g.onLengthData (/usr/share/code/resources/app/extensions/typescript-language-features/dist/extension.js:1:433224)
	at Socket.<anonymous> (/usr/share/code/resources/app/extensions/typescript-language-features/dist/extension.js:1:432872)
	at Socket.emit (events.js:315:20)
	at addChunk (internal/streams/readable.js:309:12)
	at readableAddChunk (internal/streams/readable.js:284:9)
	at Socket.Readable.push (internal/streams/readable.js:223:10)
	at Pipe.onStreamRead (internal/stream_base_commons.js:188:23)
