[2021-06-15 12:31:19.932] [sharedprocess] [info] Starting to clean up unused language packs.
[2021-06-15 15:32:29.768] [sharedprocess] [info] Installing extension: dbaeumer.vscode-eslint
[2021-06-15 15:32:30.843] [sharedprocess] [info] Downloaded extension: dbaeumer.vscode-eslint /var/www/web/typescript-practice/.vscode/CachedExtensionVSIXs/dbaeumer.vscode-eslint-2.1.20
[2021-06-15 15:32:30.897] [sharedprocess] [info] Extracted extension to /root/.vscode/extensions/.14714aa5-a622-4961-b078-ef103b284747: dbaeumer.vscode-eslint
[2021-06-15 15:32:30.908] [sharedprocess] [info] Renamed to /root/.vscode/extensions/dbaeumer.vscode-eslint-2.1.20
[2021-06-15 15:32:30.909] [sharedprocess] [info] Installation completed. dbaeumer.vscode-eslint
[2021-06-15 15:32:30.917] [sharedprocess] [info] Extensions installed successfully: dbaeumer.vscode-eslint
[2021-06-15 15:32:58.670] [sharedprocess] [info] Installing extension: pkief.material-icon-theme
[2021-06-15 15:33:00.913] [sharedprocess] [info] Downloaded extension: pkief.material-icon-theme /var/www/web/typescript-practice/.vscode/CachedExtensionVSIXs/pkief.material-icon-theme-4.7.0
[2021-06-15 15:33:02.261] [sharedprocess] [info] Extracted extension to /root/.vscode/extensions/.fd8facba-b6ef-44d8-9604-6529be338fa6: pkief.material-icon-theme
[2021-06-15 15:33:02.268] [sharedprocess] [info] Renamed to /root/.vscode/extensions/pkief.material-icon-theme-4.7.0
[2021-06-15 15:33:02.270] [sharedprocess] [info] Installation completed. pkief.material-icon-theme
[2021-06-15 15:33:02.277] [sharedprocess] [info] Extensions installed successfully: pkief.material-icon-theme
[2021-06-15 15:33:42.463] [sharedprocess] [info] Installing extension: esbenp.prettier-vscode
[2021-06-15 15:33:55.347] [sharedprocess] [info] Downloaded extension: esbenp.prettier-vscode /var/www/web/typescript-practice/.vscode/CachedExtensionVSIXs/esbenp.prettier-vscode-6.4.0
[2021-06-15 15:33:56.156] [sharedprocess] [info] Extracted extension to /root/.vscode/extensions/.5c6153e9-4f61-4609-9270-97fb878944f7: esbenp.prettier-vscode
[2021-06-15 15:33:56.170] [sharedprocess] [info] Renamed to /root/.vscode/extensions/esbenp.prettier-vscode-6.4.0
[2021-06-15 15:33:56.172] [sharedprocess] [info] Installation completed. esbenp.prettier-vscode
[2021-06-15 15:33:56.181] [sharedprocess] [info] Extensions installed successfully: esbenp.prettier-vscode
[2021-06-15 15:35:17.831] [sharedprocess] [info] Installing extension: ms-vscode.vscode-typescript-tslint-plugin
[2021-06-15 15:35:19.991] [sharedprocess] [info] Downloaded extension: ms-vscode.vscode-typescript-tslint-plugin /var/www/web/typescript-practice/.vscode/CachedExtensionVSIXs/ms-vscode.vscode-typescript-tslint-plugin-1.3.3
[2021-06-15 15:35:20.348] [sharedprocess] [info] Extracted extension to /root/.vscode/extensions/.76af2e6d-0a8e-4aac-9c4a-33972749f963: ms-vscode.vscode-typescript-tslint-plugin
[2021-06-15 15:35:20.357] [sharedprocess] [info] Renamed to /root/.vscode/extensions/ms-vscode.vscode-typescript-tslint-plugin-1.3.3
[2021-06-15 15:35:20.365] [sharedprocess] [info] Installation completed. ms-vscode.vscode-typescript-tslint-plugin
[2021-06-15 15:35:20.413] [sharedprocess] [info] Extensions installed successfully: ms-vscode.vscode-typescript-tslint-plugin
